2014/10/09 01:01:19 [error] [exception.CHttpException.404] exception 'CHttpException' with message 'The requested view "Demo 404 page" was not found.' in /home/sergey/public_html/fclegion/yii/framework/web/actions/CViewAction.php:112
Stack trace:
#0 /home/sergey/public_html/fclegion/yii/framework/web/actions/CViewAction.php(123): CViewAction->resolveView('Demo 404 page')
#1 /home/sergey/public_html/fclegion/yii/framework/web/actions/CAction.php(76): CViewAction->run()
#2 /home/sergey/public_html/fclegion/yii/framework/web/CController.php(308): CAction->runWithParams(Array)
#3 /home/sergey/public_html/fclegion/yii/framework/web/CController.php(286): CController->runAction(Object(CViewAction))
#4 /home/sergey/public_html/fclegion/yii/framework/web/CController.php(265): CController->runActionWithFilters(Object(CViewAction), Array)
#5 /home/sergey/public_html/fclegion/yii/framework/web/CWebApplication.php(282): CController->run('page')
#6 /home/sergey/public_html/fclegion/yii/framework/web/CWebApplication.php(141): CWebApplication->runController('site/page')
#7 /home/sergey/public_html/fclegion/yii/framework/base/CApplication.php(180): CWebApplication->processRequest()
#8 /home/sergey/public_html/fclegion/index.php(13): CApplication->run()
#9 {main}
REQUEST_URI=/index.php?r=site/page&view=Demo+404+page
HTTP_REFERER=http://fclegion/index.php?r=site/page&view=buttons_and_icons
---
2014/10/09 03:10:07 [error] [exception.CHttpException.404] exception 'CHttpException' with message 'Невозможно обработать запрос "index.php/site/index".' in /home/sergey/public_html/fclegion/yii/framework/web/CWebApplication.php:286
Stack trace:
#0 /home/sergey/public_html/fclegion/yii/framework/web/CWebApplication.php(141): CWebApplication->runController('index.php/site/...')
#1 /home/sergey/public_html/fclegion/yii/framework/base/CApplication.php(180): CWebApplication->processRequest()
#2 /home/sergey/public_html/fclegion/index.php(13): CApplication->run()
#3 {main}
REQUEST_URI=/index.php/index.php/site/index
HTTP_REFERER=http://fclegion/index.php/index.php/site/login
---
2014/10/09 03:10:09 [error] [exception.CHttpException.404] exception 'CHttpException' with message 'Невозможно обработать запрос "index.php/site/index".' in /home/sergey/public_html/fclegion/yii/framework/web/CWebApplication.php:286
Stack trace:
#0 /home/sergey/public_html/fclegion/yii/framework/web/CWebApplication.php(141): CWebApplication->runController('index.php/site/...')
#1 /home/sergey/public_html/fclegion/yii/framework/base/CApplication.php(180): CWebApplication->processRequest()
#2 /home/sergey/public_html/fclegion/index.php(13): CApplication->run()
#3 {main}
REQUEST_URI=/index.php/site/index
HTTP_REFERER=http://fclegion/index.php/index.php/site/index
---
2014/10/09 03:10:12 [error] [exception.CHttpException.404] exception 'CHttpException' with message 'Невозможно обработать запрос "index.php/site/contact".' in /home/sergey/public_html/fclegion/yii/framework/web/CWebApplication.php:286
Stack trace:
#0 /home/sergey/public_html/fclegion/yii/framework/web/CWebApplication.php(141): CWebApplication->runController('index.php/site/...')
#1 /home/sergey/public_html/fclegion/yii/framework/base/CApplication.php(180): CWebApplication->processRequest()
#2 /home/sergey/public_html/fclegion/index.php(13): CApplication->run()
#3 {main}
REQUEST_URI=/index.php/site/contact
HTTP_REFERER=http://fclegion/index.php/site/page/view/about
---
2014/10/09 03:10:13 [error] [exception.CHttpException.404] exception 'CHttpException' with message 'Невозможно обработать запрос "index.php/site/login".' in /home/sergey/public_html/fclegion/yii/framework/web/CWebApplication.php:286
Stack trace:
#0 /home/sergey/public_html/fclegion/yii/framework/web/CWebApplication.php(141): CWebApplication->runController('index.php/site/...')
#1 /home/sergey/public_html/fclegion/yii/framework/base/CApplication.php(180): CWebApplication->processRequest()
#2 /home/sergey/public_html/fclegion/index.php(13): CApplication->run()
#3 {main}
REQUEST_URI=/index.php/site/login
HTTP_REFERER=http://fclegion/index.php/site/contact
---
2014/10/09 03:10:14 [error] [exception.CHttpException.404] exception 'CHttpException' with message 'Невозможно обработать запрос "index.php/site/index".' in /home/sergey/public_html/fclegion/yii/framework/web/CWebApplication.php:286
Stack trace:
#0 /home/sergey/public_html/fclegion/yii/framework/web/CWebApplication.php(141): CWebApplication->runController('index.php/site/...')
#1 /home/sergey/public_html/fclegion/yii/framework/base/CApplication.php(180): CWebApplication->processRequest()
#2 /home/sergey/public_html/fclegion/index.php(13): CApplication->run()
#3 {main}
REQUEST_URI=/index.php/site/index
HTTP_REFERER=http://fclegion/index.php/site/login
---
2014/10/09 03:10:16 [error] [exception.CHttpException.404] exception 'CHttpException' with message 'Невозможно обработать запрос "index.php/site/contact".' in /home/sergey/public_html/fclegion/yii/framework/web/CWebApplication.php:286
Stack trace:
#0 /home/sergey/public_html/fclegion/yii/framework/web/CWebApplication.php(141): CWebApplication->runController('index.php/site/...')
#1 /home/sergey/public_html/fclegion/yii/framework/base/CApplication.php(180): CWebApplication->processRequest()
#2 /home/sergey/public_html/fclegion/index.php(13): CApplication->run()
#3 {main}
REQUEST_URI=/index.php/site/contact
HTTP_REFERER=http://fclegion/index.php/site/page/view/about
---
2014/10/09 03:10:17 [error] [exception.CHttpException.404] exception 'CHttpException' with message 'Невозможно обработать запрос "index.php/site/login".' in /home/sergey/public_html/fclegion/yii/framework/web/CWebApplication.php:286
Stack trace:
#0 /home/sergey/public_html/fclegion/yii/framework/web/CWebApplication.php(141): CWebApplication->runController('index.php/site/...')
#1 /home/sergey/public_html/fclegion/yii/framework/base/CApplication.php(180): CWebApplication->processRequest()
#2 /home/sergey/public_html/fclegion/index.php(13): CApplication->run()
#3 {main}
REQUEST_URI=/index.php/site/login
HTTP_REFERER=http://fclegion/index.php/site/contact
---
2014/10/12 00:02:44 [error] [exception.CHttpException.404] exception 'CHttpException' with message 'Невозможно обработать запрос "ADMIN".' in /home/sergey/public_html/fclegion/yii/framework/web/CWebApplication.php:286
Stack trace:
#0 /home/sergey/public_html/fclegion/yii/framework/web/CWebApplication.php(141): CWebApplication->runController('ADMIN')
#1 /home/sergey/public_html/fclegion/yii/framework/base/CApplication.php(180): CWebApplication->processRequest()
#2 /home/sergey/public_html/fclegion/index.php(13): CApplication->run()
#3 {main}
REQUEST_URI=/index.php/ADMIN
---
2014/10/12 00:38:50 [error] [exception.CHttpException.404] exception 'CHttpException' with message 'Невозможно обработать запрос "admin/admin/teams/index".' in /home/sergey/public_html/fclegion/yii/framework/web/CWebApplication.php:286
Stack trace:
#0 /home/sergey/public_html/fclegion/yii/framework/web/CWebApplication.php(141): CWebApplication->runController('admin/admin/tea...')
#1 /home/sergey/public_html/fclegion/yii/framework/base/CApplication.php(180): CWebApplication->processRequest()
#2 /home/sergey/public_html/fclegion/index.php(13): CApplication->run()
#3 {main}
REQUEST_URI=/index.php/admin/admin/teams/index
HTTP_REFERER=http://fclegion/index.php/admin
---
2014/10/12 00:39:04 [error] [exception.CHttpException.404] exception 'CHttpException' with message 'Невозможно обработать запрос "teams/index".' in /home/sergey/public_html/fclegion/yii/framework/web/CWebApplication.php:286
Stack trace:
#0 /home/sergey/public_html/fclegion/yii/framework/web/CWebApplication.php(141): CWebApplication->runController('teams/index')
#1 /home/sergey/public_html/fclegion/yii/framework/base/CApplication.php(180): CWebApplication->processRequest()
#2 /home/sergey/public_html/fclegion/index.php(13): CApplication->run()
#3 {main}
REQUEST_URI=/index.php/teams/index
HTTP_REFERER=http://fclegion/index.php/admin
---
2014/10/12 00:42:46 [error] [exception.CHttpException.404] exception 'CHttpException' with message 'Невозможно обработать запрос "teams/index".' in /home/sergey/public_html/fclegion/yii/framework/web/CWebApplication.php:286
Stack trace:
#0 /home/sergey/public_html/fclegion/yii/framework/web/CWebApplication.php(141): CWebApplication->runController('teams/index')
#1 /home/sergey/public_html/fclegion/yii/framework/base/CApplication.php(180): CWebApplication->processRequest()
#2 /home/sergey/public_html/fclegion/index.php(13): CApplication->run()
#3 {main}
REQUEST_URI=/index.php/teams/index
HTTP_REFERER=http://fclegion/index.php/admin
---
2014/10/12 01:08:32 [error] [exception.CException] exception 'CException' with message 'В классе CActiveForm и его поведениях не найден метод или замыкание с именем "activeTextField".' in /home/sergey/public_html/fclegion/yii/framework/base/CComponent.php:266
Stack trace:
#0 /home/sergey/public_html/fclegion/protected/modules/admin/views/teams/_form.php(36): CComponent->__call('activeTextField', Array)
#1 /home/sergey/public_html/fclegion/protected/modules/admin/views/teams/_form.php(36): CActiveForm->activeTextField(Object(Teams), 'foundation_date')
#2 /home/sergey/public_html/fclegion/yii/framework/web/CBaseController.php(126): require('/home/sergey/pu...')
#3 /home/sergey/public_html/fclegion/yii/framework/web/CBaseController.php(95): CBaseController->renderInternal('/home/sergey/pu...', Array, true)
#4 /home/sergey/public_html/fclegion/yii/framework/web/CController.php(869): CBaseController->renderFile('/home/sergey/pu...', Array, true)
#5 /home/sergey/public_html/fclegion/protected/modules/admin/views/teams/create.php(18): CController->renderPartial('_form', Array)
#6 /home/sergey/public_html/fclegion/yii/framework/web/CBaseController.php(126): require('/home/sergey/pu...')
#7 /home/sergey/public_html/fclegion/yii/framework/web/CBaseController.php(95): CBaseController->renderInternal('/home/sergey/pu...', Array, true)
#8 /home/sergey/public_html/fclegion/yii/framework/web/CController.php(869): CBaseController->renderFile('/home/sergey/pu...', Array, true)
#9 /home/sergey/public_html/fclegion/yii/framework/web/CController.php(782): CController->renderPartial('create', Array, true)
#10 /home/sergey/public_html/fclegion/protected/modules/admin/controllers/TeamsController.php(80): CController->render('create', Array)
#11 /home/sergey/public_html/fclegion/yii/framework/web/actions/CInlineAction.php(49): TeamsController->actionCreate()
#12 /home/sergey/public_html/fclegion/yii/framework/web/CController.php(308): CInlineAction->runWithParams(Array)
#13 /home/sergey/public_html/fclegion/yii/framework/web/filters/CFilterChain.php(133): CController->runAction(Object(CInlineAction))
#14 /home/sergey/public_html/fclegion/yii/framework/web/filters/CFilter.php(40): CFilterChain->run()
#15 /home/sergey/public_html/fclegion/yii/framework/web/CController.php(1145): CFilter->filter(Object(CFilterChain))
#16 /home/sergey/public_html/fclegion/yii/framework/web/filters/CInlineFilter.php(58): CController->filterAccessControl(Object(CFilterChain))
#17 /home/sergey/public_html/fclegion/yii/framework/web/filters/CFilterChain.php(130): CInlineFilter->filter(Object(CFilterChain))
#18 /home/sergey/public_html/fclegion/yii/framework/web/CController.php(291): CFilterChain->run()
#19 /home/sergey/public_html/fclegion/yii/framework/web/CController.php(265): CController->runActionWithFilters(Object(CInlineAction), Array)
#20 /home/sergey/public_html/fclegion/yii/framework/web/CWebApplication.php(282): CController->run('create')
#21 /home/sergey/public_html/fclegion/yii/framework/web/CWebApplication.php(141): CWebApplication->runController('admin/teams/cre...')
#22 /home/sergey/public_html/fclegion/yii/framework/base/CApplication.php(180): CWebApplication->processRequest()
#23 /home/sergey/public_html/fclegion/index.php(13): CApplication->run()
#24 {main}
REQUEST_URI=/index.php/admin/teams/create
HTTP_REFERER=http://fclegion/index.php/admin/teams/admin
---
2014/10/12 01:40:02 [error] [exception.CHttpException.404] exception 'CHttpException' with message 'Невозможно обработать запрос "admin/index".' in /home/sergey/public_html/fclegion/yii/framework/web/CWebApplication.php:286
Stack trace:
#0 /home/sergey/public_html/fclegion/yii/framework/web/CWebApplication.php(141): CWebApplication->runController('admin/index')
#1 /home/sergey/public_html/fclegion/yii/framework/base/CApplication.php(180): CWebApplication->processRequest()
#2 /home/sergey/public_html/fclegion/index.php(13): CApplication->run()
#3 {main}
REQUEST_URI=/index.php/admin/index
HTTP_REFERER=http://fclegion/index.php/admin/teams
---
2014/10/12 02:11:19 [error] [php] Undefined variable: language (/home/sergey/public_html/fclegion/protected/extensions/ckeditor/CKEditor.php:90)
Stack trace:
#0 /home/sergey/public_html/fclegion/yii/framework/web/CBaseController.php(146): CWidgetFactory->createWidget()
#1 /home/sergey/public_html/fclegion/yii/framework/web/CBaseController.php(172): TeamsController->createWidget()
#2 /home/sergey/public_html/fclegion/protected/modules/admin/views/teams/_form.php(62): TeamsController->widget()
#3 /home/sergey/public_html/fclegion/yii/framework/web/CBaseController.php(126): require()
#4 /home/sergey/public_html/fclegion/yii/framework/web/CBaseController.php(95): TeamsController->renderInternal()
#5 /home/sergey/public_html/fclegion/yii/framework/web/CController.php(869): TeamsController->renderFile()
#6 /home/sergey/public_html/fclegion/protected/modules/admin/views/teams/update.php(21): TeamsController->renderPartial()
#7 /home/sergey/public_html/fclegion/yii/framework/web/CBaseController.php(126): require()
#8 /home/sergey/public_html/fclegion/yii/framework/web/CBaseController.php(95): TeamsController->renderInternal()
#9 /home/sergey/public_html/fclegion/yii/framework/web/CController.php(869): TeamsController->renderFile()
#10 /home/sergey/public_html/fclegion/yii/framework/web/CController.php(782): TeamsController->renderPartial()
#11 /home/sergey/public_html/fclegion/protected/modules/admin/controllers/TeamsController.php(104): TeamsController->render()
#12 unknown(0): TeamsController->actionUpdate()
#13 /home/sergey/public_html/fclegion/yii/framework/web/actions/CAction.php(108): ReflectionMethod->invokeArgs()
#14 /home/sergey/public_html/fclegion/yii/framework/web/actions/CInlineAction.php(47): CInlineAction->runWithParamsInternal()
#15 /home/sergey/public_html/fclegion/yii/framework/web/CController.php(308): CInlineAction->runWithParams()
#16 /home/sergey/public_html/fclegion/yii/framework/web/filters/CFilterChain.php(133): TeamsController->runAction()
#17 /home/sergey/public_html/fclegion/yii/framework/web/filters/CFilter.php(40): CFilterChain->run()
#18 /home/sergey/public_html/fclegion/yii/framework/web/CController.php(1145): CAccessControlFilter->filter()
#19 /home/sergey/public_html/fclegion/yii/framework/web/filters/CInlineFilter.php(58): TeamsController->filterAccessControl()
#20 /home/sergey/public_html/fclegion/yii/framework/web/filters/CFilterChain.php(130): CInlineFilter->filter()
#21 /home/sergey/public_html/fclegion/yii/framework/web/CController.php(291): CFilterChain->run()
#22 /home/sergey/public_html/fclegion/yii/framework/web/CController.php(265): TeamsController->runActionWithFilters()
#23 /home/sergey/public_html/fclegion/yii/framework/web/CWebApplication.php(282): TeamsController->run()
#24 /home/sergey/public_html/fclegion/yii/framework/web/CWebApplication.php(141): CWebApplication->runController()
#25 /home/sergey/public_html/fclegion/yii/framework/base/CApplication.php(180): CWebApplication->processRequest()
#26 /home/sergey/public_html/fclegion/index.php(13): CWebApplication->run()
REQUEST_URI=/index.php/admin/teams/update/id/1
in /home/sergey/public_html/fclegion/protected/extensions/ckeditor/CKEditor.php (90)
in /home/sergey/public_html/fclegion/protected/extensions/ckeditor/CKEditor.php (78)
in /home/sergey/public_html/fclegion/protected/modules/admin/views/teams/_form.php (62)
2014/10/12 04:05:31 [error] [exception.CException] exception 'CException' with message 'Не определено свойство "Players.fio".' in /home/sergey/public_html/fclegion/yii/framework/base/CComponent.php:130
Stack trace:
#0 /home/sergey/public_html/fclegion/yii/framework/db/ar/CActiveRecord.php(145): CComponent->__get('fio')
#1 /home/sergey/public_html/fclegion/yii/framework/web/helpers/CHtml.php(2529): CActiveRecord->__get('fio')
#2 /home/sergey/public_html/fclegion/yii/framework/web/helpers/CHtml.php(2252): CHtml::resolveValue(Object(Players), 'fio')
#3 /home/sergey/public_html/fclegion/yii/framework/web/helpers/CHtml.php(1434): CHtml::activeInputField('text', Object(Players), 'fio', Array)
#4 /home/sergey/public_html/fclegion/yii/framework/zii/widgets/grid/CDataColumn.php(103): CHtml::activeTextField(Object(Players), 'fio', Array)
#5 /home/sergey/public_html/fclegion/yii/framework/zii/widgets/grid/CGridColumn.php(116): CDataColumn->renderFilterCellContent()
#6 /home/sergey/public_html/fclegion/yii/framework/zii/widgets/grid/CGridView.php(532): CGridColumn->renderFilterCell()
#7 /home/sergey/public_html/fclegion/yii/framework/zii/widgets/grid/CGridView.php(510): CGridView->renderFilter()
#8 /home/sergey/public_html/fclegion/yii/framework/zii/widgets/grid/CGridView.php(480): CGridView->renderTableHeader()
#9 /home/sergey/public_html/fclegion/yii/framework/zii/widgets/CBaseListView.php(167): CGridView->renderItems()
#10 [internal function]: CBaseListView->renderSection(Array)
#11 /home/sergey/public_html/fclegion/yii/framework/zii/widgets/CBaseListView.php(150): preg_replace_callback('/{(\\w+)}/', Array, '{summary}\n{item...')
#12 /home/sergey/public_html/fclegion/yii/framework/zii/widgets/CBaseListView.php(135): CBaseListView->renderContent()
#13 /home/sergey/public_html/fclegion/yii/framework/web/CBaseController.php(173): CBaseListView->run()
#14 /home/sergey/public_html/fclegion/protected/modules/admin/views/players/admin.php(63): CBaseController->widget('zii.widgets.gri...', Array)
#15 /home/sergey/public_html/fclegion/yii/framework/web/CBaseController.php(126): require('/home/sergey/pu...')
#16 /home/sergey/public_html/fclegion/yii/framework/web/CBaseController.php(95): CBaseController->renderInternal('/home/sergey/pu...', Array, true)
#17 /home/sergey/public_html/fclegion/yii/framework/web/CController.php(869): CBaseController->renderFile('/home/sergey/pu...', Array, true)
#18 /home/sergey/public_html/fclegion/yii/framework/web/CController.php(782): CController->renderPartial('admin', Array, true)
#19 /home/sergey/public_html/fclegion/protected/modules/admin/controllers/PlayersController.php(140): CController->render('admin', Array)
#20 [internal function]: PlayersController->actionAdmin('1')
#21 /home/sergey/public_html/fclegion/yii/framework/web/actions/CAction.php(108): ReflectionMethod->invokeArgs(Object(PlayersController), Array)
#22 /home/sergey/public_html/fclegion/yii/framework/web/actions/CInlineAction.php(47): CAction->runWithParamsInternal(Object(PlayersController), Object(ReflectionMethod), Array)
#23 /home/sergey/public_html/fclegion/yii/framework/web/CController.php(308): CInlineAction->runWithParams(Array)
#24 /home/sergey/public_html/fclegion/yii/framework/web/filters/CFilterChain.php(133): CController->runAction(Object(CInlineAction))
#25 /home/sergey/public_html/fclegion/yii/framework/web/filters/CFilter.php(40): CFilterChain->run()
#26 /home/sergey/public_html/fclegion/yii/framework/web/CController.php(1145): CFilter->filter(Object(CFilterChain))
#27 /home/sergey/public_html/fclegion/yii/framework/web/filters/CInlineFilter.php(58): CController->filterAccessControl(Object(CFilterChain))
#28 /home/sergey/public_html/fclegion/yii/framework/web/filters/CFilterChain.php(130): CInlineFilter->filter(Object(CFilterChain))
#29 /home/sergey/public_html/fclegion/yii/framework/web/CController.php(291): CFilterChain->run()
#30 /home/sergey/public_html/fclegion/yii/framework/web/CController.php(265): CController->runActionWithFilters(Object(CInlineAction), Array)
#31 /home/sergey/public_html/fclegion/yii/framework/web/CWebApplication.php(282): CController->run('admin')
#32 /home/sergey/public_html/fclegion/yii/framework/web/CWebApplication.php(141): CWebApplication->runController('admin/players/a...')
#33 /home/sergey/public_html/fclegion/yii/framework/base/CApplication.php(180): CWebApplication->processRequest()
#34 /home/sergey/public_html/fclegion/index.php(13): CApplication->run()
#35 {main}
REQUEST_URI=/index.php/admin/players/admin/team_id/1
HTTP_REFERER=http://fclegion/index.php/admin/teams/view/id/1
---
2014/10/12 04:07:43 [error] [exception.CException] exception 'CException' with message 'Не определено свойство "CDataColumn.label".' in /home/sergey/public_html/fclegion/yii/framework/base/CComponent.php:173
Stack trace:
#0 /home/sergey/public_html/fclegion/yii/framework/YiiBase.php(220): CComponent->__set('label', 'fio')
#1 /home/sergey/public_html/fclegion/yii/framework/zii/widgets/grid/CGridView.php(388): YiiBase::createComponent(Array, Object(CGridView))
#2 /home/sergey/public_html/fclegion/yii/framework/zii/widgets/grid/CGridView.php(359): CGridView->initColumns()
#3 /home/sergey/public_html/fclegion/yii/framework/web/CBaseController.php(147): CGridView->init()
#4 /home/sergey/public_html/fclegion/yii/framework/web/CBaseController.php(172): CBaseController->createWidget('zii.widgets.gri...', Array)
#5 /home/sergey/public_html/fclegion/protected/modules/admin/views/players/admin.php(64): CBaseController->widget('zii.widgets.gri...', Array)
#6 /home/sergey/public_html/fclegion/yii/framework/web/CBaseController.php(126): require('/home/sergey/pu...')
#7 /home/sergey/public_html/fclegion/yii/framework/web/CBaseController.php(95): CBaseController->renderInternal('/home/sergey/pu...', Array, true)
#8 /home/sergey/public_html/fclegion/yii/framework/web/CController.php(869): CBaseController->renderFile('/home/sergey/pu...', Array, true)
#9 /home/sergey/public_html/fclegion/yii/framework/web/CController.php(782): CController->renderPartial('admin', Array, true)
#10 /home/sergey/public_html/fclegion/protected/modules/admin/controllers/PlayersController.php(140): CController->render('admin', Array)
#11 [internal function]: PlayersController->actionAdmin('1')
#12 /home/sergey/public_html/fclegion/yii/framework/web/actions/CAction.php(108): ReflectionMethod->invokeArgs(Object(PlayersController), Array)
#13 /home/sergey/public_html/fclegion/yii/framework/web/actions/CInlineAction.php(47): CAction->runWithParamsInternal(Object(PlayersController), Object(ReflectionMethod), Array)
#14 /home/sergey/public_html/fclegion/yii/framework/web/CController.php(308): CInlineAction->runWithParams(Array)
#15 /home/sergey/public_html/fclegion/yii/framework/web/filters/CFilterChain.php(133): CController->runAction(Object(CInlineAction))
#16 /home/sergey/public_html/fclegion/yii/framework/web/filters/CFilter.php(40): CFilterChain->run()
#17 /home/sergey/public_html/fclegion/yii/framework/web/CController.php(1145): CFilter->filter(Object(CFilterChain))
#18 /home/sergey/public_html/fclegion/yii/framework/web/filters/CInlineFilter.php(58): CController->filterAccessControl(Object(CFilterChain))
#19 /home/sergey/public_html/fclegion/yii/framework/web/filters/CFilterChain.php(130): CInlineFilter->filter(Object(CFilterChain))
#20 /home/sergey/public_html/fclegion/yii/framework/web/CController.php(291): CFilterChain->run()
#21 /home/sergey/public_html/fclegion/yii/framework/web/CController.php(265): CController->runActionWithFilters(Object(CInlineAction), Array)
#22 /home/sergey/public_html/fclegion/yii/framework/web/CWebApplication.php(282): CController->run('admin')
#23 /home/sergey/public_html/fclegion/yii/framework/web/CWebApplication.php(141): CWebApplication->runController('admin/players/a...')
#24 /home/sergey/public_html/fclegion/yii/framework/base/CApplication.php(180): CWebApplication->processRequest()
#25 /home/sergey/public_html/fclegion/index.php(13): CApplication->run()
#26 {main}
REQUEST_URI=/index.php/admin/players/admin/team_id/1
HTTP_REFERER=http://fclegion/index.php/admin/teams/view/id/1
---
2014/10/12 04:11:44 [error] [exception.CHttpException.400] exception 'CHttpException' with message 'Некорректный запрос.' in /home/sergey/public_html/fclegion/yii/framework/web/CController.php:336
Stack trace:
#0 /home/sergey/public_html/fclegion/yii/framework/web/CController.php(309): CController->invalidActionParams(Object(CInlineAction))
#1 /home/sergey/public_html/fclegion/yii/framework/web/filters/CFilterChain.php(133): CController->runAction(Object(CInlineAction))
#2 /home/sergey/public_html/fclegion/yii/framework/web/filters/CFilter.php(40): CFilterChain->run()
#3 /home/sergey/public_html/fclegion/yii/framework/web/CController.php(1145): CFilter->filter(Object(CFilterChain))
#4 /home/sergey/public_html/fclegion/yii/framework/web/filters/CInlineFilter.php(58): CController->filterAccessControl(Object(CFilterChain))
#5 /home/sergey/public_html/fclegion/yii/framework/web/filters/CFilterChain.php(130): CInlineFilter->filter(Object(CFilterChain))
#6 /home/sergey/public_html/fclegion/yii/framework/web/CController.php(291): CFilterChain->run()
#7 /home/sergey/public_html/fclegion/yii/framework/web/CController.php(265): CController->runActionWithFilters(Object(CInlineAction), Array)
#8 /home/sergey/public_html/fclegion/yii/framework/web/CWebApplication.php(282): CController->run('admin')
#9 /home/sergey/public_html/fclegion/yii/framework/web/CWebApplication.php(141): CWebApplication->runController('admin/players/a...')
#10 /home/sergey/public_html/fclegion/yii/framework/base/CApplication.php(180): CWebApplication->processRequest()
#11 /home/sergey/public_html/fclegion/index.php(13): CApplication->run()
#12 {main}
REQUEST_URI=/index.php/admin/players/admin
HTTP_REFERER=http://fclegion/index.php/admin/players/create
---
